2000.05.04 09:25 B C:\Download\robbies\images\music.htm <-- Verse 3 /verse3 music.htm
2000.05.04 09:58 B C:\Download\robbies\images\verse3back.png --> 216.189.4.6 /verse3/images verse3back.png
2000.05.04 10:41 B C:\Download\robbies\images\horBar.png --> 216.189.4.6 /verse3/images horBar.png
2000.05.04 10:41 B C:\Download\robbies\images\verse3back.png --> 216.189.4.6 /verse3/images verse3back.png
2000.05.04 10:44 B C:\Download\robbies\images\horBar.png --> 216.189.4.6 /verse3/images horBar.png
2000.05.04 10:48 B C:\Download\robbies\images\horBar.png --> 216.189.4.6 /verse3 horBar.png
2000.05.04 10:48 B C:\Download\robbies\images\horBarM.png --> 216.189.4.6 /verse3 horBarM.png
2000.05.04 10:48 B C:\Download\robbies\images\horBarT.png --> 216.189.4.6 /verse3 horBarT.png
2000.05.08 17:06 B C:\Download\robbies\images\horBar.gif --> 216.189.4.6 /verse3/images horBar.gif
2000.05.08 17:06 B C:\Download\robbies\images\horBarM.gif --> 216.189.4.6 /verse3/images horBarM.gif
2000.05.08 17:06 B C:\Download\robbies\images\horBarT.gif --> 216.189.4.6 /verse3/images horBarT.gif
2000.05.08 17:07 B C:\Download\robbies\images\verse3back.gif --> 216.189.4.6 /verse3/images verse3back.gif
2000.05.08 17:10 B C:\Download\robbies\images\verse3back.gif --> 216.189.4.6 /verse3/images verse3back.gif
2000.05.15 08:42 B c:\download\robbies\images\band.jpg <-- Verse 3 /verse3/images band.jpg
2000.05.15 08:42 B c:\download\robbies\images\biojason.jpg <-- Verse 3 /verse3/images biojason.jpg
2000.05.15 08:42 B c:\download\robbies\images\horBar.gif <-- Verse 3 /verse3/images horBar.gif
2000.05.15 08:42 B c:\download\robbies\images\horBarM.gif <-- Verse 3 /verse3/images horBarM.gif
2000.05.15 08:42 B c:\download\robbies\images\horBarT.gif <-- Verse 3 /verse3/images horBarT.gif
2000.05.15 08:42 B c:\download\robbies\images\jason1.jpg <-- Verse 3 /verse3/images jason1.jpg
2000.05.15 08:42 B c:\download\robbies\images\jason1thumb.jpg <-- Verse 3 /verse3/images jason1thumb.jpg
2000.05.15 08:42 B c:\download\robbies\images\P2290057.JPG <-- Verse 3 /verse3/images P2290057.JPG
2000.05.15 08:42 B c:\download\robbies\images\P2290057thumb.jpg <-- Verse 3 /verse3/images P2290057thumb.jpg
2000.05.15 08:42 B c:\download\robbies\images\P2290058.JPG <-- Verse 3 /verse3/images P2290058.JPG
2000.05.15 08:42 B c:\download\robbies\images\P2290058thumb.jpg <-- Verse 3 /verse3/images P2290058thumb.jpg
2000.05.15 08:42 B c:\download\robbies\images\P2290060.JPG <-- Verse 3 /verse3/images P2290060.JPG
2000.05.15 08:42 B c:\download\robbies\images\P2290060thumb.jpg <-- Verse 3 /verse3/images P2290060thumb.jpg
2000.05.15 08:42 B c:\download\robbies\images\P2290064.JPG <-- Verse 3 /verse3/images P2290064.JPG
2000.05.15 08:42 B c:\download\robbies\images\P2290064thumb.jpg <-- Verse 3 /verse3/images P2290064thumb.jpg
2000.05.15 08:43 B c:\download\robbies\images\P2290067.JPG <-- Verse 3 /verse3/images P2290067.JPG
2000.05.15 08:43 B c:\download\robbies\images\P2290067thumb.jpg <-- Verse 3 /verse3/images P2290067thumb.jpg
2000.05.15 08:43 B c:\download\robbies\images\P2290072.JPG <-- Verse 3 /verse3/images P2290072.JPG
2000.05.15 08:43 B c:\download\robbies\images\P2290072thumb.jpg <-- Verse 3 /verse3/images P2290072thumb.jpg
2000.05.15 08:43 B c:\download\robbies\images\robbie1.jpg <-- Verse 3 /verse3/images robbie1.jpg
2000.05.15 08:43 B c:\download\robbies\images\robbie10.jpg <-- Verse 3 /verse3/images robbie10.jpg
2000.05.15 08:43 B c:\download\robbies\images\robbie10thumb.jpg <-- Verse 3 /verse3/images robbie10thumb.jpg
2000.05.15 08:43 B c:\download\robbies\images\robbie1thumb.jpg <-- Verse 3 /verse3/images robbie1thumb.jpg
2000.05.15 08:43 B c:\download\robbies\images\robbiebio.jpg <-- Verse 3 /verse3/images robbiebio.jpg
2000.05.15 08:43 B c:\download\robbies\images\robbiespage_02.gif <-- Verse 3 /verse3/images robbiespage_02.gif
2000.05.15 08:43 B c:\download\robbies\images\robbiespage_05.gif <-- Verse 3 /verse3/images robbiespage_05.gif
2000.05.15 08:43 B c:\download\robbies\images\robbiespage_08.gif <-- Verse 3 /verse3/images robbiespage_08.gif
2000.05.15 08:43 B c:\download\robbies\images\robbiespage_10.gif <-- Verse 3 /verse3/images robbiespage_10.gif
2000.05.15 08:43 B c:\download\robbies\images\robbiespage_11.gif <-- Verse 3 /verse3/images robbiespage_11.gif
2000.05.15 08:43 B c:\download\robbies\images\robbiespage_12.gif <-- Verse 3 /verse3/images robbiespage_12.gif
2000.05.15 08:43 B c:\download\robbies\images\robbiespage_13.gif <-- Verse 3 /verse3/images robbiespage_13.gif
2000.05.15 08:43 B c:\download\robbies\images\robbiespage_18.gif <-- Verse 3 /verse3/images robbiespage_18.gif
2000.05.15 08:43 B c:\download\robbies\images\robbiespage_19.gif <-- Verse 3 /verse3/images robbiespage_19.gif
2000.05.15 08:43 B c:\download\robbies\images\robbiespage_20.gif <-- Verse 3 /verse3/images robbiespage_20.gif
2000.05.15 08:43 B c:\download\robbies\images\robbiespage_21.gif <-- Verse 3 /verse3/images robbiespage_21.gif
2000.05.15 08:43 B c:\download\robbies\images\robbiespage_27.gif <-- Verse 3 /verse3/images robbiespage_27.gif
2000.05.15 08:43 B c:\download\robbies\images\robbiespage_28.gif <-- Verse 3 /verse3/images robbiespage_28.gif
2000.05.15 08:43 B c:\download\robbies\images\robbiespage_29.gif <-- Verse 3 /verse3/images robbiespage_29.gif
2000.05.15 08:43 B c:\download\robbies\images\robbiespage_30.gif <-- Verse 3 /verse3/images robbiespage_30.gif
2000.05.15 08:43 B c:\download\robbies\images\rp7_button.gif <-- Verse 3 /verse3/images rp7_button.gif
2000.05.15 08:43 B c:\download\robbies\images\Tonybio.jpg <-- Verse 3 /verse3/images Tonybio.jpg
2000.05.15 08:43 B c:\download\robbies\images\verse3.jpg <-- Verse 3 /verse3/images verse3.jpg
2000.05.15 08:43 B c:\download\robbies\images\verse3back.gif <-- Verse 3 /verse3/images verse3back.gif
2000.05.15 08:43 B c:\download\robbies\images\verse3logo.gif <-- Verse 3 /verse3/images verse3logo.gif
2000.05.15 08:45 B c:\download\robbies\images\band.jpg --> ftp.verse3.com /images band.jpg
2000.05.15 08:45 B c:\download\robbies\images\biojason.jpg --> ftp.verse3.com /images biojason.jpg
2000.05.15 08:45 B c:\download\robbies\images\horBar.gif --> ftp.verse3.com /images horBar.gif
2000.05.15 08:45 B c:\download\robbies\images\horBar.png --> ftp.verse3.com /images horBar.png
2000.05.15 08:45 B c:\download\robbies\images\horBarM.gif --> ftp.verse3.com /images horBarM.gif
2000.05.15 08:45 B c:\download\robbies\images\horBarM.png --> ftp.verse3.com /images horBarM.png
2000.05.15 08:45 B c:\download\robbies\images\horBarT.gif --> ftp.verse3.com /images horBarT.gif
2000.05.15 08:45 B c:\download\robbies\images\horBarT.png --> ftp.verse3.com /images horBarT.png
2000.05.15 08:45 B c:\download\robbies\images\jason1.jpg --> ftp.verse3.com /images jason1.jpg
2000.05.15 08:45 B c:\download\robbies\images\jason1thumb.jpg --> ftp.verse3.com /images jason1thumb.jpg
2000.05.15 08:45 B c:\download\robbies\images\P2290057.JPG --> ftp.verse3.com /images P2290057.JPG
2000.05.15 08:45 B c:\download\robbies\images\P2290057thumb.jpg --> ftp.verse3.com /images P2290057thumb.jpg
2000.05.15 08:45 B c:\download\robbies\images\P2290058.JPG --> ftp.verse3.com /images P2290058.JPG
2000.05.15 08:46 B c:\download\robbies\images\P2290058thumb.jpg --> ftp.verse3.com /images P2290058thumb.jpg
2000.05.15 08:46 B c:\download\robbies\images\P2290060.JPG --> ftp.verse3.com /images P2290060.JPG
2000.05.15 08:46 B c:\download\robbies\images\P2290060thumb.jpg --> ftp.verse3.com /images P2290060thumb.jpg
2000.05.15 08:46 B c:\download\robbies\images\P2290064.JPG --> ftp.verse3.com /images P2290064.JPG
2000.05.15 08:46 B c:\download\robbies\images\P2290064thumb.jpg --> ftp.verse3.com /images P2290064thumb.jpg
2000.05.15 08:46 B c:\download\robbies\images\P2290067.JPG --> ftp.verse3.com /images P2290067.JPG
2000.05.15 08:46 B c:\download\robbies\images\P2290067thumb.jpg --> ftp.verse3.com /images P2290067thumb.jpg
2000.05.15 08:46 B c:\download\robbies\images\P2290072.JPG --> ftp.verse3.com /images P2290072.JPG
2000.05.15 08:46 B c:\download\robbies\images\P2290072thumb.jpg --> ftp.verse3.com /images P2290072thumb.jpg
2000.05.15 08:46 B c:\download\robbies\images\robbie1.jpg --> ftp.verse3.com /images robbie1.jpg
2000.05.15 08:46 B c:\download\robbies\images\robbie10.jpg --> ftp.verse3.com /images robbie10.jpg
2000.05.15 08:46 B c:\download\robbies\images\robbie10thumb.jpg --> ftp.verse3.com /images robbie10thumb.jpg
2000.05.15 08:46 B c:\download\robbies\images\robbie1thumb.jpg --> ftp.verse3.com /images robbie1thumb.jpg
2000.05.15 08:46 B c:\download\robbies\images\robbiebio.jpg --> ftp.verse3.com /images robbiebio.jpg
2000.05.15 08:46 B c:\download\robbies\images\robbiespage.GIF --> ftp.verse3.com /images robbiespage.GIF
2000.05.15 08:46 B c:\download\robbies\images\robbiespage_02.gif --> ftp.verse3.com /images robbiespage_02.gif
2000.05.15 08:46 B c:\download\robbies\images\robbiespage_05.gif --> ftp.verse3.com /images robbiespage_05.gif
2000.05.15 08:46 B c:\download\robbies\images\robbiespage_08.gif --> ftp.verse3.com /images robbiespage_08.gif
2000.05.15 08:46 B c:\download\robbies\images\robbiespage_10.gif --> ftp.verse3.com /images robbiespage_10.gif
2000.05.15 08:46 B c:\download\robbies\images\robbiespage_11.gif --> ftp.verse3.com /images robbiespage_11.gif
2000.05.15 08:46 B c:\download\robbies\images\robbiespage_12.gif --> ftp.verse3.com /images robbiespage_12.gif
2000.05.15 08:46 B c:\download\robbies\images\robbiespage_13.gif --> ftp.verse3.com /images robbiespage_13.gif
2000.05.15 08:46 B c:\download\robbies\images\robbiespage_18.gif --> ftp.verse3.com /images robbiespage_18.gif
2000.05.15 08:46 B c:\download\robbies\images\robbiespage_19.gif --> ftp.verse3.com /images robbiespage_19.gif
2000.05.15 08:46 B c:\download\robbies\images\robbiespage_20.gif --> ftp.verse3.com /images robbiespage_20.gif
2000.05.15 08:46 B c:\download\robbies\images\robbiespage_21.gif --> ftp.verse3.com /images robbiespage_21.gif
2000.05.15 08:46 B c:\download\robbies\images\robbiespage_27.gif --> ftp.verse3.com /images robbiespage_27.gif
2000.05.15 08:46 B c:\download\robbies\images\robbiespage_28.gif --> ftp.verse3.com /images robbiespage_28.gif
2000.05.15 08:46 B c:\download\robbies\images\robbiespage_29.gif --> ftp.verse3.com /images robbiespage_29.gif
2000.05.15 08:46 B c:\download\robbies\images\robbiespage_30.gif --> ftp.verse3.com /images robbiespage_30.gif
2000.05.15 08:46 B c:\download\robbies\images\rp7_button.gif --> ftp.verse3.com /images rp7_button.gif
2000.05.15 08:46 B c:\download\robbies\images\testback.gif --> ftp.verse3.com /images testback.gif
2000.05.15 08:46 B c:\download\robbies\images\Tonybio.jpg --> ftp.verse3.com /images Tonybio.jpg
2000.05.15 08:46 B c:\download\robbies\images\verse3.jpg --> ftp.verse3.com /images verse3.jpg
2000.05.15 08:46 B c:\download\robbies\images\verse3back.gif --> ftp.verse3.com /images verse3back.gif
2000.05.15 08:46 B c:\download\robbies\images\verse3back.png --> ftp.verse3.com /images verse3back.png
2000.05.15 08:46 B c:\download\robbies\images\verse3logo.gif --> ftp.verse3.com /images verse3logo.gif
