=== 2000 May 16  11:35:39
Error Message: Must provide a page name.

=== 2000 May 16  11:36:13
Error Message: Unable to open image - e:\InetPub\Clients\verse3.com\cgi-bin\cntrgifs\01DEFAULT.GIF.gif.

=== 2000 May 16  12:04:59
Error Message: Must provide a page name.

=== 2000 May 16  12:05:52
Error Message: Must provide a page name.

=== 2000 Sep 06  01:41:23
Error Message: Must provide a page name.

=== 2000 Sep 06  01:41:23
Error Message: Must provide a page name.

=== 2000 Nov 10  10:02:47
Error Message: Unable to create mutex.

=== 2001 Jan 05  14:56:24
Error Message: Unable to create mutex.

=== 2001 Jan 08  15:54:32
Error Message: Unable to create mutex.

=== 2001 Jan 17  11:30:49
Error Message: Unable to create mutex.

=== 2001 Jan 25  13:30:11
Error Message: Unable to create mutex.

=== 2001 Jan 25  13:56:32
Error Message: Unable to create mutex.

=== 2001 Jan 30  15:56:12
Error Message: Unable to create mutex.

=== 2001 Jan 31  23:07:29
Error Message: Unable to create mutex.

=== 2001 Feb 05  13:21:25
Error Message: Unable to create mutex.

=== 2001 Feb 07  20:29:30
Error Message: Unable to create mutex.

=== 2001 Feb 14  15:57:38
Error Message: Unable to create mutex.

